** Message: 23:55:37.997: environement.vala:58: Exporting primary_variable
** Message: 23:55:37.997: environement.vala:59: desktop_environnement XDG_CURRENT_DESKTOP
** Message: 23:55:37.997: environement.vala:150: confir_dirs is null, export : /etc/xdg
** Message: 23:55:37.997: environement.vala:184: Exporting XDG_CONFIG_DIRS
** Message: 23:55:37.997: environement.vala:218: custom_data :
** Message: 23:55:37.997: environement.vala:219: data_dirs :/usr/local/share:/usr/share/raspi-ui-overrides:/usr/share:/usr/share/gdm:/var/lib/menu-xdg
** Message: 23:55:37.997: environement.vala:220: data_dirs not null, export : /usr/local/share:/usr/share/raspi-ui-overrides:/usr/share:/usr/share/gdm:/var/lib/menu-xdg
** Message: 23:55:37.997: environement.vala:225: Exporting XDG_DATA_DIRS
** Message: 23:55:37.997: utils.vala:138: Config system location : /etc/xdg/lxsession/LXDE-pi
** Message: 23:55:37.998: utils.vala:144: System system path location : /etc/xdg/lxsession/LXDE-pi/desktop.conf
** Message: 23:55:37.999: utils.vala:148: Final file used : /etc/xdg/lxsession/LXDE-pi/desktop.conf
** Message: 23:55:37.999: utils.vala:39: Config system location : /etc/xdg/lxsession/LXDE-pi
** Message: 23:55:37.999: utils.vala:45: System system path location : /etc/xdg/lxsession/LXDE-pi/desktop.conf

** (lxsession:550): WARNING **: 23:55:38.005: utils.vala:70: No such file or directory
** Message: 23:55:38.005: settings.vala:540: Key file does not have key “iGtk/ColorScheme” in group “GTK”
** Message: 23:55:38.005: settings.vala:540: Key file does not have key “windows_manager/command” in group “Session”
** Message: 23:55:38.005: settings.vala:540: Key file does not have key “panel/command” in group “Session”
** Message: 23:55:38.005: settings.vala:540: Key file does not have key “dock/command” in group “Session”
** Message: 23:55:38.005: settings.vala:540: Key file does not have key “file_manager/command” in group “Session”
** Message: 23:55:38.005: settings.vala:540: Key file does not have key “desktop_manager/command” in group “Session”
** Message: 23:55:38.005: settings.vala:540: Key file does not have key “launcher_manager/autostart” in group “Session”
** Message: 23:55:38.005: settings.vala:540: Key file does not have key “composite_manager/command” in group “Session”
** Message: 23:55:38.005: settings.vala:540: Key file does not have key “im1/command” in group “Session”
** Message: 23:55:38.005: settings.vala:540: Key file does not have key “im2/command” in group “Session”
** Message: 23:55:38.005: settings.vala:540: Key file does not have key “widget1/command” in group “Session”
** Message: 23:55:38.005: settings.vala:540: Key file does not have key “notification/command” in group “Session”
** Message: 23:55:38.005: settings.vala:540: Key file does not have key “keybindings/command” in group “Session”
** Message: 23:55:38.005: settings.vala:540: Key file does not have key “im_manager/command” in group “Session”
** Message: 23:55:38.006: settings.vala:540: Key file does not have key “screensaver/command” in group “Session”
** Message: 23:55:38.006: settings.vala:540: Key file does not have key “power_manager/command” in group “Session”
** Message: 23:55:38.006: settings.vala:540: Key file does not have key “audio_manager/command” in group “Session”
** Message: 23:55:38.006: settings.vala:540: Key file does not have key “workspace_manager/command” in group “Session”
** Message: 23:55:38.006: settings.vala:540: Key file does not have key “screenshot_manager/command” in group “Session”
** Message: 23:55:38.006: settings.vala:540: Key file does not have key “message_manager/command” in group “Session”
** Message: 23:55:38.006: settings.vala:540: Key file does not have key “upgrade_manager/command” in group “Session”
** Message: 23:55:38.006: settings.vala:540: Key file does not have key “updates_manager/command” in group “Session”
** Message: 23:55:38.006: settings.vala:540: Key file does not have key “updates_manager/timeout” in group “Session”
** Message: 23:55:38.006: settings.vala:540: Key file does not have key “crash_manager/command” in group “Session”
** Message: 23:55:38.006: settings.vala:540: Key file does not have key “crash_manager/dev_mode” in group “Session”
** Message: 23:55:38.006: settings.vala:540: Key file does not have key “crash_manager/timeout” in group “Session”
** Message: 23:55:38.006: settings.vala:540: Key file does not have key “upstart_user_session” in group “Session”
** Message: 23:55:38.007: settings.vala:540: Key file does not have key “proxy_manager/http” in group “Session”
** Message: 23:55:38.007: settings.vala:540: Key file does not have key “a11y/command” in group “Session”
** Message: 23:55:38.007: settings.vala:540: Key file does not have key “xrandr/command” in group “Session”
** Message: 23:55:38.007: settings.vala:540: Key file does not have key “network_gui/command” in group “Session”
** Message: 23:55:38.007: settings.vala:540: Key file does not have key “webbrowser/command” in group “Session”
** Message: 23:55:38.007: settings.vala:540: Key file does not have key “email/command” in group “Session”
** Message: 23:55:38.007: settings.vala:540: Key file does not have key “pdf_reader/command” in group “Session”
** Message: 23:55:38.007: settings.vala:540: Key file does not have key “video_player/command” in group “Session”
** Message: 23:55:38.007: settings.vala:540: Key file does not have key “audio_player/command” in group “Session”
** Message: 23:55:38.007: settings.vala:540: Key file does not have key “images_display/command” in group “Session”
** Message: 23:55:38.007: settings.vala:540: Key file does not have key “text_editor/command” in group “Session”
** Message: 23:55:38.007: settings.vala:540: Key file does not have key “archive/command” in group “Session”
** Message: 23:55:38.007: settings.vala:540: Key file does not have key “charmap/command” in group “Session”
** Message: 23:55:38.007: settings.vala:540: Key file does not have key “calculator/command” in group “Session”
** Message: 23:55:38.007: settings.vala:540: Key file does not have key “spreadsheet/command” in group “Session”
** Message: 23:55:38.008: settings.vala:540: Key file does not have key “bittorent/command” in group “Session”
** Message: 23:55:38.008: settings.vala:540: Key file does not have key “document/command” in group “Session”
** Message: 23:55:38.008: settings.vala:540: Key file does not have key “webcam/command” in group “Session”
** Message: 23:55:38.008: settings.vala:540: Key file does not have key “burn/command” in group “Session”
** Message: 23:55:38.008: settings.vala:540: Key file does not have key “notes/command” in group “Session”
** Message: 23:55:38.008: settings.vala:540: Key file does not have key “disk_utility/command” in group “Session”
** Message: 23:55:38.008: settings.vala:540: Key file does not have key “tasks/command” in group “Session”
** Message: 23:55:38.008: settings.vala:540: Key file does not have group “Keymap”
** Message: 23:55:38.008: settings.vala:540: Key file does not have key “laptop_mode” in group “State”
** Message: 23:55:38.008: settings.vala:540: Key file does not have key “gnome” in group “Dbus”
** Message: 23:55:38.008: settings.vala:540: Key file does not have key “type” in group “Environment”
** Message: 23:55:38.008: settings.vala:540: Key file does not have key “ubuntu_menuproxy” in group “Environment”
** Message: 23:55:38.008: settings.vala:540: Key file does not have key “toolkit_integration” in group “Environment”
** Message: 23:55:38.008: settings.vala:540: Key file does not have key “gtk/overlay_scrollbar_disable” in group “Environment”
** Message: 23:55:38.008: settings.vala:540: Key file does not have key “qt/force_theme” in group “Environment”
** Message: 23:55:38.009: settings.vala:540: Key file does not have key “qt/platform” in group “Environment”
** Message: 23:55:38.009: settings.vala:462: Monitoring: /etc/xdg/lxsession/LXDE-pi/desktop.conf
** Message: 23:55:38.009: settings.vala:470: Desktop file is not in config home, monitoring creation of it
** Message: 23:55:38.009: settings.vala:485: Monitoring home path: /home/pi/.config/lxsession/LXDE-pi/desktop.conf
** Message: 23:55:38.010: environement.vala:79: Exporting variable
** Message: 23:55:38.010: environement.vala:80: desktop_environnement XDG_CURRENT_DESKTOP
** Message: 23:55:38.010: environement.vala:177: custom_config :
** Message: 23:55:38.010: environement.vala:178: config_dirs :/etc/xdg
** Message: 23:55:38.010: environement.vala:179: confir_dirs not null, export : /etc/xdg
** Message: 23:55:38.010: environement.vala:184: Exporting XDG_CONFIG_DIRS
** Message: 23:55:38.010: environement.vala:218: custom_data :
** Message: 23:55:38.010: environement.vala:219: data_dirs :/usr/local/share:/usr/share/raspi-ui-overrides:/usr/share:/usr/share/gdm:/var/lib/menu-xdg
** Message: 23:55:38.010: environement.vala:220: data_dirs not null, export : /usr/local/share:/usr/share/raspi-ui-overrides:/usr/share:/usr/share/gdm:/var/lib/menu-xdg
** Message: 23:55:38.010: environement.vala:225: Exporting XDG_DATA_DIRS
** Message: 23:55:38.010: utils.vala:39: Config system location : /etc/xdg/lxsession/LXDE-pi
** Message: 23:55:38.010: utils.vala:45: System system path location : /etc/xdg/lxsession/LXDE-pi/desktop.conf

** (lxsession:550): WARNING **: 23:55:38.011: utils.vala:70: No such file or directory
** Message: 23:55:38.011: environement.vala:254: No entry in [Environment_variable]. Key file does not have group “Environment_variable”
** Message: 23:55:38.015: utils.vala:138: Config system location : /etc/xdg/lxsession/LXDE-pi
** Message: 23:55:38.015: utils.vala:144: System system path location : /etc/xdg/lxsession/LXDE-pi/conffiles.conf
** Message: 23:55:38.015: utils.vala:148: Final file used : /etc/xdg/lxsession/LXDE-pi/conffiles.conf
** Message: 23:55:38.015: options.vala:164: Activate xsettings_manager build-in
** Message: 23:55:38.015: utils.vala:39: Config system location : /etc/xdg/lxsession/LXDE-pi
** Message: 23:55:38.015: utils.vala:45: System system path location : /etc/xdg/lxsession/LXDE-pi/desktop.conf

** (lxsession:550): WARNING **: 23:55:38.016: utils.vala:70: No such file or directory
xprop:  no such property "_NET_NUMBER_OF_DESKTOPS"
xprop:  no such property "_NET_DESKTOP_NAMES"
** Message: 23:55:38.035: app.vala:721: polkit separate
** Message: 23:55:38.035: app.vala:721: polkit separate
** Message: 23:55:38.047: app.vala:76: Launching lxpolkit 
** Message: 23:55:38.049: utils.vala:138: Config system location : /etc/xdg/lxsession/LXDE-pi
** Message: 23:55:38.049: utils.vala:144: System system path location : /etc/xdg/lxsession/LXDE-pi/autostart
** Message: 23:55:38.049: utils.vala:148: Final file used : /etc/xdg/lxsession/LXDE-pi/autostart
** Message: 23:55:38.050: autostart.vala:42: Autostart path : /etc/xdg/lxsession/LXDE-pi/autostart
** Message: 23:55:38.081: app.vala:76: Launching lxpanel 
** Message: 23:55:38.101: app.vala:76: Launching pcmanfm 

** (lxsession:550): WARNING **: 23:55:38.121: app.vala:86: Failed to execute child process “xscreensaver” (No such file or directory)

** (lxsession:550): WARNING **: 23:55:38.122: app.vala:87: Error when launching xscreensaver
** Message: 23:55:38.139: options.vala:107: Create build-in Clipboard
** Message: 23:55:38.144: main.vala:441: Check keymap_mode (null)
** Message: 23:55:38.150: app.vala:76: Launching /usr/bin/ssh-agent 
SSH_AUTH_SOCK=/tmp/ssh-gaJn3rLQcKIa/agent.624; export SSH_AUTH_SOCK;
SSH_AGENT_PID=628; export SSH_AGENT_PID;
echo Agent pid 628;
** Message: 23:55:38.461: app.vala:130: /usr/bin/ssh-agent exit with this type of exit: 0
** Message: 23:55:38.568: x-terminal-emulator has very limited support, consider choose another terminal
** Message: 23:55:38.568: x-terminal-emulator has very limited support, consider choose another terminal
grep: /home/pi/.config/lxpanel/LXDE-pi/panels/*: No such file or directory
Openbox-Message: Unable to find a valid menu file "/usr/share/lxde/openbox/menu.xml"
** Message: 23:55:40.899: Connecting ...
** Message: 23:55:40.899: Status changed to down
xrandr: Failed to get size of gamma for output default
Unit pt-device-manager.service could not be found.

** (lxpanel:615): WARNING **: 23:55:41.078: Battery 0 not found

(lxpanel:615): Gtk-CRITICAL **: 23:55:41.461: IA__gtk_image_set_from_pixbuf: assertion 'GTK_IS_IMAGE (image)' failed
** Message: 23:55:41.902: Status changed to opened
** Message: 23:55:41.902: Connected to dhcpcd-8.1.2
** Message: 23:55:41.903: Status changed to disconnected
** Message: 23:55:41.903: eth0: Link is down
** Message: 23:55:41.904: wlan0: Not associated
** Message: 23:55:41.906: wlan0: WPA status connected
** Message: 23:55:41.907: wlan0: Received scan results
** Message: 23:55:46.210: wlan0: Received scan results
** Message: 23:55:52.305: wlan0: Received scan results
** Message: 23:55:58.394: wlan0: Received scan results
** Message: 23:56:04.479: wlan0: Received scan results
** Message: 23:56:10.565: wlan0: Received scan results
** Message: 23:56:16.650: wlan0: Received scan results
** Message: 23:56:22.739: wlan0: Received scan results
** Message: 23:56:28.831: wlan0: Received scan results
** Message: 23:56:34.926: wlan0: Received scan results
** Message: 23:56:41.014: wlan0: Received scan results
** Message: 23:56:47.102: wlan0: Received scan results
** Message: 23:56:53.183: wlan0: Received scan results
** Message: 23:56:59.272: wlan0: Received scan results
** Message: 23:57:05.357: wlan0: Received scan results
